0.0006291866302490234, 197, case1
0.0012373924255371094, 196, case1
0.0018491744995117188, 195, case1
0.002439260482788086, 194, case1
0.0030121803283691406, 193, case1
0.0035943984985351562, 192, case1
0.004165172576904297, 191, case1
0.004777431488037109, 190, case1
0.005514383316040039, 190, case1
0.006077289581298828, 189, case1
0.00664520263671875, 188, case1
0.007195234298706055, 187, case1
0.007743358612060547, 186, case1
0.008332252502441406, 185, case1
0.008887052536010742, 184, case1
0.009434223175048828, 183, case1
0.009997129440307617, 182, case1
0.010519266128540039, 181, case1
0.011027336120605469, 180, case1
0.01154327392578125, 179, case1
0.012049198150634766, 178, case1
0.012551307678222656, 177, case1
0.013060331344604492, 176, case1
0.013553380966186523, 175, case1
0.014045238494873047, 174, case1
0.014547348022460938, 173, case1
0.015227317810058594, 176, case1
0.01584005355834961, 178, case1
0.0163571834564209, 177, case1
0.016848325729370117, 176, case1
0.01730513572692871, 175, case1
0.017751216888427734, 174, case1
0.018186330795288086, 173, case1
0.018656015396118164, 172, case1
0.019079208374023438, 171, case1
0.019504308700561523, 170, case1
0.01991438865661621, 169, case1
0.020324230194091797, 168, case1
0.020754337310791016, 167, case1
0.021135330200195312, 166, case1
0.021516084671020508, 165, case1
0.021891117095947266, 164, case1
0.022338151931762695, 167, case1
0.022721052169799805, 166, case1
0.02309131622314453, 165, case1
0.02348017692565918, 164, case1
0.023870229721069336, 163, case1
0.024256229400634766, 162, case1
0.024622201919555664, 161, case1
0.025046110153198242, 166, case1
0.02541327476501465, 165, case1
0.025768280029296875, 164, case1
0.02611827850341797, 163, case1
0.026462316513061523, 162, case1
0.026790380477905273, 161, case1
0.027207374572753906, 166, case1
0.0275421142578125, 165, case1
0.027871370315551758, 164, case1
0.02820611000061035, 163, case1
0.02855515480041504, 162, case1
0.028900146484375, 161, case1
0.029297351837158203, 160, case1
0.029644250869750977, 159, case1
0.029957294464111328, 158, case1
0.030249357223510742, 157, case1
0.03054022789001465, 156, case1
0.03082132339477539, 155, case1
0.031106233596801758, 154, case1
0.03140139579772949, 153, case1
0.031699419021606445, 152, case1
0.03203129768371582, 151, case1
0.03235030174255371, 150, case1
0.03261518478393555, 149, case1
0.03287506103515625, 148, case1
0.03315138816833496, 147, case1
0.03341531753540039, 146, case1
0.033686161041259766, 145, case1
0.03394126892089844, 144, case1
0.03419017791748047, 143, case1
0.03444242477416992, 142, case1
0.034685373306274414, 141, case1
0.03493142127990723, 140, case1
0.03516817092895508, 139, case1
