0.0006279945373535156, 197
0.0012159347534179688, 196
0.0018038749694824219, 195
0.0023889541625976562, 194
0.0029740333557128906, 193
0.0035600662231445312, 192
0.004146099090576172, 191
0.0047321319580078125, 190
0.00532078742980957, 189
0.00625300407409668, 188
0.0068399906158447266, 187
0.008337020874023438, 186
0.009454965591430664, 185
0.010657072067260742, 184
0.013098955154418945, 183
0.013693094253540039, 182
0.015074014663696289, 181
0.016209125518798828, 180
0.017342805862426758, 179
0.018538951873779297, 178
0.01913905143737793, 177
0.019735097885131836, 176
0.020364999771118164, 175
0.021619796752929688, 174
0.022365093231201172, 173
0.022984027862548828, 172
0.02358222007751465, 171
0.024178028106689453, 170
0.024791955947875977, 169
0.025550127029418945, 168
0.027766942977905273, 167
0.029002904891967773, 166
0.03200411796569824, 165
0.033354997634887695, 164
0.0384371280670166, 163
0.04239201545715332, 162
0.04590106010437012, 161
0.05554699897766113, 160
